<?xml version="1.0" encoding="UTF-8"?>
<testsuite name="com.g2.hotelm.model.ReservationTest" tests="7" skipped="0" failures="0" errors="0" timestamp="2025-08-13T04:49:33" hostname="DESKTOP-OTQMG1O" time="0.022">
  <properties/>
  <testcase name="testGetAndSetStartDate()" classname="com.g2.hotelm.model.ReservationTest" time="0.011"/>
  <testcase name="testGetAndSetCustomerName()" classname="com.g2.hotelm.model.ReservationTest" time="0.001"/>
  <testcase name="testGetAndSetId()" classname="com.g2.hotelm.model.ReservationTest" time="0.001"/>
  <testcase name="testGetAndSetEndDate()" classname="com.g2.hotelm.model.ReservationTest" time="0.001"/>
  <testcase name="testConstructorWithNullValues()" classname="com.g2.hotelm.model.ReservationTest" time="0.001"/>
  <testcase name="testGetAndSetRoomType()" classname="com.g2.hotelm.model.ReservationTest" time="0.001"/>
  <testcase name="testConstructor()" classname="com.g2.hotelm.model.ReservationTest" time="0.001"/>
  <system-out><![CDATA[]]></system-out>
  <system-err><![CDATA[]]></system-err>
</testsuite>
