<?xml version="1.0" encoding="UTF-8"?>
<testsuite name="com.g2.hotelm.model.RoomTest" tests="3" skipped="0" failures="0" errors="0" timestamp="2025-08-14T06:02:24" hostname="DESKTOP-OTQMG1O" time="0.003">
  <properties/>
  <testcase name="testToString()" classname="com.g2.hotelm.model.RoomTest" time="0.0"/>
  <testcase name="testConstructorAndGetters()" classname="com.g2.hotelm.model.RoomTest" time="0.001"/>
  <testcase name="testSetters()" classname="com.g2.hotelm.model.RoomTest" time="0.002"/>
  <system-out><![CDATA[]]></system-out>
  <system-err><![CDATA[]]></system-err>
</testsuite>
