<?xml version="1.0" encoding="UTF-8"?>
<testsuite name="com.g2.hotelm.model.RoomTest" tests="1" skipped="0" failures="0" errors="0" timestamp="2025-08-12T09:29:52" hostname="DESKTOP-OTQMG1O" time="0.013">
  <properties/>
  <testcase name="testGetRoomDetailsWithCustomValues()" classname="com.g2.hotelm.model.RoomTest" time="0.013"/>
  <system-out><![CDATA[]]></system-out>
  <system-err><![CDATA[]]></system-err>
</testsuite>
