<?xml version="1.0" encoding="UTF-8"?>
<testsuite name="com.g2.hotelm.model.RoomTypeTest" tests="4" skipped="0" failures="0" errors="0" timestamp="2025-08-14T06:02:24" hostname="DESKTOP-OTQMG1O" time="0.002">
  <properties/>
  <testcase name="testRoomTypeToString()" classname="com.g2.hotelm.model.RoomTypeTest" time="0.0"/>
  <testcase name="testRoomTypeValues()" classname="com.g2.hotelm.model.RoomTypeTest" time="0.0"/>
  <testcase name="testRoomTypeValueOf()" classname="com.g2.hotelm.model.RoomTypeTest" time="0.0"/>
  <testcase name="testRoomTypeDisplayNames()" classname="com.g2.hotelm.model.RoomTypeTest" time="0.001"/>
  <system-out><![CDATA[]]></system-out>
  <system-err><![CDATA[]]></system-err>
</testsuite>
