<?xml version="1.0" encoding="UTF-8"?>
<testsuite name="com.g2.hotelm.controller.CustomerControllerTest" tests="8" skipped="0" failures="0" errors="0" timestamp="2025-08-14T06:02:22" hostname="DESKTOP-OTQMG1O" time="1.059">
  <properties/>
  <testcase name="testListCustomers()" classname="com.g2.hotelm.controller.CustomerControllerTest" time="0.976"/>
  <testcase name="testEditCustomerNotFound()" classname="com.g2.hotelm.controller.CustomerControllerTest" time="0.028"/>
  <testcase name="testListCustomersWithSearch()" classname="com.g2.hotelm.controller.CustomerControllerTest" time="0.007"/>
  <testcase name="testNewCustomerForm()" classname="com.g2.hotelm.controller.CustomerControllerTest" time="0.007"/>
  <testcase name="testEditCustomer()" classname="com.g2.hotelm.controller.CustomerControllerTest" time="0.005"/>
  <testcase name="testUpdateCustomer()" classname="com.g2.hotelm.controller.CustomerControllerTest" time="0.018"/>
  <testcase name="testSaveCustomer()" classname="com.g2.hotelm.controller.CustomerControllerTest" time="0.003"/>
  <testcase name="testDeleteCustomer()" classname="com.g2.hotelm.controller.CustomerControllerTest" time="0.007"/>
  <system-out><![CDATA[2025-08-14T13:02:22.105+07:00  INFO 11968 --- [    Test worker] t.c.s.AnnotationConfigContextLoaderUtils : Could not detect default configuration classes for test class [com.g2.hotelm.controller.CustomerControllerTest]: CustomerControllerTest does not declare any static, non-private, non-final, nested classes annotated with @Configuration.
2025-08-14T13:02:22.133+07:00  INFO 11968 --- [    Test worker] .b.t.c.SpringBootTestContextBootstrapper : Found @SpringBootConfiguration com.g2.hotelm.HotelManagementApplication for test class com.g2.hotelm.controller.CustomerControllerTest
  .   ____          _            __ _ _
 /\\ / ___'_ __ _ _(_)_ __  __ _ \ \ \ \
( ( )\___ | '_ | '_| | '_ \/ _` | \ \ \ \
 \\/  ___)| |_)| | | | | || (_| |  ) ) ) )
  '  |____| .__|_| |_|_| |_\__, | / / / /
 =========|_|==============|___/=/_/_/_/

 :: Spring Boot ::                (v3.3.0)

2025-08-14T13:02:22.151+07:00  INFO 11968 --- [    Test worker] c.g.h.controller.CustomerControllerTest  : Starting CustomerControllerTest using Java 21.0.7 with PID 11968 (started by For Work in E:\OOPG2\OOP_N02_T3_2_2025_Group2\complete)
2025-08-14T13:02:22.151+07:00  INFO 11968 --- [    Test worker] c.g.h.controller.CustomerControllerTest  : No active profile set, falling back to 1 default profile: "default"
2025-08-14T13:02:22.453+07:00  INFO 11968 --- [    Test worker] o.s.b.a.w.s.WelcomePageHandlerMapping    : Adding welcome page template: index
2025-08-14T13:02:22.607+07:00  INFO 11968 --- [    Test worker] o.s.b.t.m.w.SpringBootMockServletContext : Initializing Spring TestDispatcherServlet ''
2025-08-14T13:02:22.607+07:00  INFO 11968 --- [    Test worker] o.s.t.web.servlet.TestDispatcherServlet  : Initializing Servlet ''
2025-08-14T13:02:22.608+07:00  INFO 11968 --- [    Test worker] o.s.t.web.servlet.TestDispatcherServlet  : Completed initialization in 1 ms
2025-08-14T13:02:22.626+07:00  INFO 11968 --- [    Test worker] c.g.h.controller.CustomerControllerTest  : Started CustomerControllerTest in 0.489 seconds (process running for 6.364)
]]></system-out>
  <system-err><![CDATA[]]></system-err>
</testsuite>
