<?xml version="1.0" encoding="UTF-8"?>
<testsuite name="com.g2.hotelm.repository.RoomRepositoryTest" tests="3" skipped="0" failures="0" errors="0" timestamp="2025-08-13T11:40:08" hostname="DESKTOP-OTQMG1O" time="0.032">
  <properties/>
  <testcase name="testFindById()" classname="com.g2.hotelm.repository.RoomRepositoryTest" time="0.02"/>
  <testcase name="testFindByIdNotFound()" classname="com.g2.hotelm.repository.RoomRepositoryTest" time="0.004"/>
  <testcase name="testFindByIsAvailableTrue()" classname="com.g2.hotelm.repository.RoomRepositoryTest" time="0.007"/>
  <system-out><![CDATA[2025-08-13T18:40:08.300+07:00  INFO 38616 --- [    Test worker] t.c.s.AnnotationConfigContextLoaderUtils : Could not detect default configuration classes for test class [com.g2.hotelm.repository.RoomRepositoryTest]: RoomRepositoryTest does not declare any static, non-private, non-final, nested classes annotated with @Configuration.
2025-08-13T18:40:08.304+07:00  INFO 38616 --- [    Test worker] .b.t.c.SpringBootTestContextBootstrapper : Found @SpringBootConfiguration com.g2.hotelm.HotelManagementApplication for test class com.g2.hotelm.repository.RoomRepositoryTest
2025-08-13T18:40:08.307+07:00 DEBUG 38616 --- [    Test worker] org.hibernate.SQL                        : insert into rooms (description,is_available,price,room_id,type,id) values (?,?,?,?,?,default)
Hibernate: insert into rooms (description,is_available,price,room_id,type,id) values (?,?,?,?,?,default)
2025-08-13T18:40:08.329+07:00 DEBUG 38616 --- [    Test worker] org.hibernate.SQL                        : select r1_0.id,r1_0.description,r1_0.is_available,r1_0.price,r1_0.room_id,r1_0.type from rooms r1_0 where r1_0.id=?
Hibernate: select r1_0.id,r1_0.description,r1_0.is_available,r1_0.price,r1_0.room_id,r1_0.type from rooms r1_0 where r1_0.id=?
2025-08-13T18:40:08.333+07:00 DEBUG 38616 --- [    Test worker] org.hibernate.SQL                        : insert into rooms (description,is_available,price,room_id,type,id) values (?,?,?,?,?,default)
Hibernate: insert into rooms (description,is_available,price,room_id,type,id) values (?,?,?,?,?,default)
2025-08-13T18:40:08.334+07:00 DEBUG 38616 --- [    Test worker] org.hibernate.SQL                        : insert into rooms (description,is_available,price,room_id,type,id) values (?,?,?,?,?,default)
Hibernate: insert into rooms (description,is_available,price,room_id,type,id) values (?,?,?,?,?,default)
2025-08-13T18:40:08.335+07:00 DEBUG 38616 --- [    Test worker] org.hibernate.SQL                        : select r1_0.id,r1_0.description,r1_0.is_available,r1_0.price,r1_0.room_id,r1_0.type from rooms r1_0 where r1_0.is_available
Hibernate: select r1_0.id,r1_0.description,r1_0.is_available,r1_0.price,r1_0.room_id,r1_0.type from rooms r1_0 where r1_0.is_available
]]></system-out>
  <system-err><![CDATA[]]></system-err>
</testsuite>
