<?xml version="1.0" encoding="UTF-8"?>
<testsuite name="com.g2.hotelm.repository.RoomRepositoryTest" tests="3" skipped="0" failures="0" errors="0" timestamp="2025-08-12T11:27:55" hostname="DESKTOP-OTQMG1O" time="0.632">
  <properties/>
  <testcase name="testFindById()" classname="com.g2.hotelm.repository.RoomRepositoryTest" time="0.527"/>
  <testcase name="testFindByIdNotFound()" classname="com.g2.hotelm.repository.RoomRepositoryTest" time="0.021"/>
  <testcase name="testFindByIsAvailableTrue()" classname="com.g2.hotelm.repository.RoomRepositoryTest" time="0.08"/>
  <system-out><![CDATA[18:27:52.923 [Test worker] INFO org.springframework.test.context.support.AnnotationConfigContextLoaderUtils -- Could not detect default configuration classes for test class [com.g2.hotelm.repository.RoomRepositoryTest]: RoomRepositoryTest does not declare any static, non-private, non-final, nested classes annotated with @Configuration.
18:27:53.018 [Test worker] INFO org.springframework.boot.test.context.SpringBootTestContextBootstrapper -- Found @SpringBootConfiguration com.g2.hotelm.HotelManagementApplication for test class com.g2.hotelm.repository.RoomRepositoryTest
  .   ____          _            __ _ _
 /\\ / ___'_ __ _ _(_)_ __  __ _ \ \ \ \
( ( )\___ | '_ | '_| | '_ \/ _` | \ \ \ \
 \\/  ___)| |_)| | | | | || (_| |  ) ) ) )
  '  |____| .__|_| |_|_| |_\__, | / / / /
 =========|_|==============|___/=/_/_/_/

 :: Spring Boot ::                (v3.3.0)

2025-08-12T18:27:53.308+07:00  INFO 9708 --- [    Test worker] c.g.h.repository.RoomRepositoryTest      : Starting RoomRepositoryTest using Java 21.0.7 with PID 9708 (started by For Work in E:\OOPG2\complete)
2025-08-12T18:27:53.311+07:00  INFO 9708 --- [    Test worker] c.g.h.repository.RoomRepositoryTest      : No active profile set, falling back to 1 default profile: "default"
2025-08-12T18:27:53.693+07:00  INFO 9708 --- [    Test worker] .s.d.r.c.RepositoryConfigurationDelegate : Bootstrapping Spring Data JPA repositories in DEFAULT mode.
2025-08-12T18:27:53.738+07:00  INFO 9708 --- [    Test worker] .s.d.r.c.RepositoryConfigurationDelegate : Finished Spring Data repository scanning in 36 ms. Found 1 JPA repository interface.
2025-08-12T18:27:53.772+07:00  INFO 9708 --- [    Test worker] beddedDataSourceBeanFactoryPostProcessor : Replacing 'dataSource' DataSource bean with embedded version
2025-08-12T18:27:53.881+07:00  INFO 9708 --- [    Test worker] o.s.j.d.e.EmbeddedDatabaseFactory        : Starting embedded database: url='jdbc:h2:mem:cc85e3b4-857d-47dd-86d6-00ffb2b4079b;DB_CLOSE_DELAY=-1;DB_CLOSE_ON_EXIT=false', username='sa'
2025-08-12T18:27:54.066+07:00  INFO 9708 --- [    Test worker] o.hibernate.jpa.internal.util.LogHelper  : HHH000204: Processing PersistenceUnitInfo [name: default]
2025-08-12T18:27:54.107+07:00  INFO 9708 --- [    Test worker] org.hibernate.Version                    : HHH000412: Hibernate ORM core version 6.5.2.Final
2025-08-12T18:27:54.137+07:00  INFO 9708 --- [    Test worker] o.h.c.internal.RegionFactoryInitiator    : HHH000026: Second-level cache disabled
2025-08-12T18:27:54.365+07:00  INFO 9708 --- [    Test worker] o.s.o.j.p.SpringPersistenceUnitInfo      : No LoadTimeWeaver setup: ignoring JPA class transformer
2025-08-12T18:27:54.933+07:00  INFO 9708 --- [    Test worker] o.h.e.t.j.p.i.JtaPlatformInitiator       : HHH000489: No JTA platform available (set 'hibernate.transaction.jta.platform' to enable JTA platform integration)
Hibernate: drop table if exists rooms cascade 
Hibernate: create table rooms (is_available boolean not null, price float(53) not null check (price>=0), room_id integer not null unique check (room_id>=1), id bigint generated by default as identity, description varchar(255) not null, type varchar(255) not null, primary key (id))
2025-08-12T18:27:54.962+07:00  INFO 9708 --- [    Test worker] j.LocalContainerEntityManagerFactoryBean : Initialized JPA EntityManagerFactory for persistence unit 'default'
2025-08-12T18:27:55.235+07:00  INFO 9708 --- [    Test worker] c.g.h.repository.RoomRepositoryTest      : Started RoomRepositoryTest in 2.151 seconds (process running for 3.016)
Hibernate: insert into rooms (description,is_available,price,room_id,type,id) values (?,?,?,?,?,default)
Hibernate: select r1_0.id,r1_0.description,r1_0.is_available,r1_0.price,r1_0.room_id,r1_0.type from rooms r1_0 where r1_0.id=?
Hibernate: insert into rooms (description,is_available,price,room_id,type,id) values (?,?,?,?,?,default)
Hibernate: insert into rooms (description,is_available,price,room_id,type,id) values (?,?,?,?,?,default)
Hibernate: select r1_0.id,r1_0.description,r1_0.is_available,r1_0.price,r1_0.room_id,r1_0.type from rooms r1_0 where r1_0.is_available
]]></system-out>
  <system-err><![CDATA[WARNING: A Java agent has been loaded dynamically (C:\Users\For Work\.gradle\caches\modules-2\files-2.1\net.bytebuddy\byte-buddy-agent\1.14.16\4a451ee6484abac3a498df0f3b33ed00a6fced4d\byte-buddy-agent-1.14.16.jar)
WARNING: If a serviceability tool is in use, please run with -XX:+EnableDynamicAgentLoading to hide this warning
WARNING: If a serviceability tool is not in use, please run with -Djdk.instrument.traceUsage for more information
WARNING: Dynamic loading of agents will be disallowed by default in a future release
]]></system-err>
</testsuite>
