<?xml version="1.0" encoding="UTF-8"?>
<testsuite name="com.g2.hotelm.repository.ReservationRepositoryTest" tests="3" skipped="0" failures="0" errors="0" timestamp="2025-08-13T05:11:25" hostname="DESKTOP-OTQMG1O" time="0.107">
  <properties/>
  <testcase name="testFindByCustomerName_WithNullName()" classname="com.g2.hotelm.repository.ReservationRepositoryTest" time="0.067"/>
  <testcase name="testFindByCustomerName_WhenNoReservationsExist()" classname="com.g2.hotelm.repository.ReservationRepositoryTest" time="0.015"/>
  <testcase name="testFindByCustomerName_WhenReservationsExist()" classname="com.g2.hotelm.repository.ReservationRepositoryTest" time="0.023"/>
  <system-out><![CDATA[2025-08-13T12:11:25.283+07:00  INFO 40104 --- [    Test worker] t.c.s.AnnotationConfigContextLoaderUtils : Could not detect default configuration classes for test class [com.g2.hotelm.repository.ReservationRepositoryTest]: ReservationRepositoryTest does not declare any static, non-private, non-final, nested classes annotated with @Configuration.
2025-08-13T12:11:25.307+07:00  INFO 40104 --- [    Test worker] .b.t.c.SpringBootTestContextBootstrapper : Found @SpringBootConfiguration com.g2.hotelm.HotelManagementApplication for test class com.g2.hotelm.repository.ReservationRepositoryTest
  .   ____          _            __ _ _
 /\\ / ___'_ __ _ _(_)_ __  __ _ \ \ \ \
( ( )\___ | '_ | '_| | '_ \/ _` | \ \ \ \
 \\/  ___)| |_)| | | | | || (_| |  ) ) ) )
  '  |____| .__|_| |_|_| |_\__, | / / / /
 =========|_|==============|___/=/_/_/_/

 :: Spring Boot ::                (v3.3.0)

2025-08-13T12:11:25.341+07:00  INFO 40104 --- [    Test worker] c.g.h.r.ReservationRepositoryTest        : Starting ReservationRepositoryTest using Java 21.0.7 with PID 40104 (started by For Work in E:\OOPG2\complete)
2025-08-13T12:11:25.341+07:00 DEBUG 40104 --- [    Test worker] c.g.h.r.ReservationRepositoryTest        : Running with Spring Boot v3.3.0, Spring v6.1.8
2025-08-13T12:11:25.341+07:00  INFO 40104 --- [    Test worker] c.g.h.r.ReservationRepositoryTest        : No active profile set, falling back to 1 default profile: "default"
2025-08-13T12:11:25.424+07:00  INFO 40104 --- [    Test worker] .s.d.r.c.RepositoryConfigurationDelegate : Bootstrapping Spring Data JPA repositories in DEFAULT mode.
2025-08-13T12:11:25.435+07:00  INFO 40104 --- [    Test worker] .s.d.r.c.RepositoryConfigurationDelegate : Finished Spring Data repository scanning in 8 ms. Found 2 JPA repository interfaces.
2025-08-13T12:11:25.445+07:00  INFO 40104 --- [    Test worker] beddedDataSourceBeanFactoryPostProcessor : Replacing 'dataSource' DataSource bean with embedded version
2025-08-13T12:11:25.476+07:00  INFO 40104 --- [    Test worker] o.s.j.d.e.EmbeddedDatabaseFactory        : Starting embedded database: url='jdbc:h2:mem:1b094c67-79c4-4c68-b7e6-ed712e708763;DB_CLOSE_DELAY=-1;DB_CLOSE_ON_EXIT=false', username='sa'
2025-08-13T12:11:25.492+07:00  INFO 40104 --- [    Test worker] o.hibernate.jpa.internal.util.LogHelper  : HHH000204: Processing PersistenceUnitInfo [name: default]
2025-08-13T12:11:25.492+07:00  INFO 40104 --- [    Test worker] o.h.c.internal.RegionFactoryInitiator    : HHH000026: Second-level cache disabled
2025-08-13T12:11:25.505+07:00  INFO 40104 --- [    Test worker] o.s.o.j.p.SpringPersistenceUnitInfo      : No LoadTimeWeaver setup: ignoring JPA class transformer
2025-08-13T12:11:25.505+07:00  WARN 40104 --- [    Test worker] org.hibernate.orm.deprecation            : HHH90000025: H2Dialect does not need to be specified explicitly using 'hibernate.dialect' (remove the property setting and it will be selected by default)
2025-08-13T12:11:25.549+07:00  INFO 40104 --- [    Test worker] o.h.e.t.j.p.i.JtaPlatformInitiator       : HHH000489: No JTA platform available (set 'hibernate.transaction.jta.platform' to enable JTA platform integration)
2025-08-13T12:11:25.574+07:00 DEBUG 40104 --- [    Test worker] org.hibernate.SQL                        : create table reservations (id bigint generated by default as identity, customer_name varchar(255) not null, end_date varchar(255) not null, room_type varchar(255) not null, start_date varchar(255) not null, primary key (id))
Hibernate: create table reservations (id bigint generated by default as identity, customer_name varchar(255) not null, end_date varchar(255) not null, room_type varchar(255) not null, start_date varchar(255) not null, primary key (id))
2025-08-13T12:11:25.574+07:00 DEBUG 40104 --- [    Test worker] org.hibernate.SQL                        : create table rooms (id bigint generated by default as identity, description varchar(255) not null, is_available boolean not null, price float(53) not null check (price>=0), room_id integer not null check (room_id>=1), type varchar(255) not null, primary key (id))
Hibernate: create table rooms (id bigint generated by default as identity, description varchar(255) not null, is_available boolean not null, price float(53) not null check (price>=0), room_id integer not null check (room_id>=1), type varchar(255) not null, primary key (id))
2025-08-13T12:11:25.589+07:00 DEBUG 40104 --- [    Test worker] org.hibernate.SQL                        : alter table if exists rooms drop constraint if exists UK522j1g1kig0go3c1o8r8gvu7g
Hibernate: alter table if exists rooms drop constraint if exists UK522j1g1kig0go3c1o8r8gvu7g
2025-08-13T12:11:25.589+07:00 DEBUG 40104 --- [    Test worker] org.hibernate.SQL                        : alter table if exists rooms add constraint UK522j1g1kig0go3c1o8r8gvu7g unique (room_id)
Hibernate: alter table if exists rooms add constraint UK522j1g1kig0go3c1o8r8gvu7g unique (room_id)
2025-08-13T12:11:25.589+07:00  INFO 40104 --- [    Test worker] j.LocalContainerEntityManagerFactoryBean : Initialized JPA EntityManagerFactory for persistence unit 'default'
2025-08-13T12:11:25.605+07:00  INFO 40104 --- [    Test worker] c.g.h.r.ReservationRepositoryTest        : Started ReservationRepositoryTest in 0.298 seconds (process running for 5.284)
2025-08-13T12:11:25.636+07:00 DEBUG 40104 --- [    Test worker] org.hibernate.SQL                        : select r1_0.id,r1_0.customer_name,r1_0.end_date,r1_0.room_type,r1_0.start_date from reservations r1_0 where r1_0.customer_name is null
Hibernate: select r1_0.id,r1_0.customer_name,r1_0.end_date,r1_0.room_type,r1_0.start_date from reservations r1_0 where r1_0.customer_name is null
2025-08-13T12:11:25.700+07:00 DEBUG 40104 --- [    Test worker] org.hibernate.SQL                        : select r1_0.id,r1_0.customer_name,r1_0.end_date,r1_0.room_type,r1_0.start_date from reservations r1_0 where r1_0.customer_name=?
Hibernate: select r1_0.id,r1_0.customer_name,r1_0.end_date,r1_0.room_type,r1_0.start_date from reservations r1_0 where r1_0.customer_name=?
2025-08-13T12:11:25.712+07:00 DEBUG 40104 --- [    Test worker] org.hibernate.SQL                        : insert into reservations (customer_name,end_date,room_type,start_date,id) values (?,?,?,?,default)
Hibernate: insert into reservations (customer_name,end_date,room_type,start_date,id) values (?,?,?,?,default)
2025-08-13T12:11:25.718+07:00 DEBUG 40104 --- [    Test worker] org.hibernate.SQL                        : insert into reservations (customer_name,end_date,room_type,start_date,id) values (?,?,?,?,default)
Hibernate: insert into reservations (customer_name,end_date,room_type,start_date,id) values (?,?,?,?,default)
2025-08-13T12:11:25.718+07:00 DEBUG 40104 --- [    Test worker] org.hibernate.SQL                        : insert into reservations (customer_name,end_date,room_type,start_date,id) values (?,?,?,?,default)
Hibernate: insert into reservations (customer_name,end_date,room_type,start_date,id) values (?,?,?,?,default)
2025-08-13T12:11:25.724+07:00 DEBUG 40104 --- [    Test worker] org.hibernate.SQL                        : select r1_0.id,r1_0.customer_name,r1_0.end_date,r1_0.room_type,r1_0.start_date from reservations r1_0 where r1_0.customer_name=?
Hibernate: select r1_0.id,r1_0.customer_name,r1_0.end_date,r1_0.room_type,r1_0.start_date from reservations r1_0 where r1_0.customer_name=?
]]></system-out>
  <system-err><![CDATA[]]></system-err>
</testsuite>
