<?xml version="1.0" encoding="UTF-8"?>
<testsuite name="com.g2.hotelm.service.ReservationServiceTest" tests="11" skipped="0" failures="0" errors="0" timestamp="2025-08-13T11:40:08" hostname="DESKTOP-OTQMG1O" time="0.094">
  <properties/>
  <testcase name="testFindReservationById()" classname="com.g2.hotelm.service.ReservationServiceTest" time="0.009"/>
  <testcase name="testValidationThrowsExceptionForEmptyCustomerName()" classname="com.g2.hotelm.service.ReservationServiceTest" time="0.004"/>
  <testcase name="testReservationExists()" classname="com.g2.hotelm.service.ReservationServiceTest" time="0.032"/>
  <testcase name="testUpdateReservation()" classname="com.g2.hotelm.service.ReservationServiceTest" time="0.005"/>
  <testcase name="testSaveReservation()" classname="com.g2.hotelm.service.ReservationServiceTest" time="0.003"/>
  <testcase name="testFindReservationsByCustomerName()" classname="com.g2.hotelm.service.ReservationServiceTest" time="0.007"/>
  <testcase name="testValidationThrowsExceptionForInvalidDates()" classname="com.g2.hotelm.service.ReservationServiceTest" time="0.003"/>
  <testcase name="testDeleteReservation()" classname="com.g2.hotelm.service.ReservationServiceTest" time="0.006"/>
  <testcase name="testCountReservations()" classname="com.g2.hotelm.service.ReservationServiceTest" time="0.006"/>
  <testcase name="testFindAllReservations()" classname="com.g2.hotelm.service.ReservationServiceTest" time="0.011"/>
  <testcase name="testValidationThrowsExceptionForNullReservation()" classname="com.g2.hotelm.service.ReservationServiceTest" time="0.003"/>
  <system-out><![CDATA[2025-08-13T18:40:08.340+07:00  INFO 38616 --- [    Test worker] t.c.s.AnnotationConfigContextLoaderUtils : Could not detect default configuration classes for test class [com.g2.hotelm.service.ReservationServiceTest]: ReservationServiceTest does not declare any static, non-private, non-final, nested classes annotated with @Configuration.
2025-08-13T18:40:08.345+07:00  INFO 38616 --- [    Test worker] .b.t.c.SpringBootTestContextBootstrapper : Found @SpringBootConfiguration com.g2.hotelm.HotelManagementApplication for test class com.g2.hotelm.service.ReservationServiceTest
2025-08-13T18:40:08.349+07:00 DEBUG 38616 --- [    Test worker] org.hibernate.SQL                        : 
    insert 
    into
        reservations
        (customer_name, end_date, room_type, start_date, id) 
    values
        (?, ?, ?, ?, default)
Hibernate: 
    insert 
    into
        reservations
        (customer_name, end_date, room_type, start_date, id) 
    values
        (?, ?, ?, ?, default)
2025-08-13T18:40:08.363+07:00 DEBUG 38616 --- [    Test worker] org.hibernate.SQL                        : 
    insert 
    into
        reservations
        (customer_name, end_date, room_type, start_date, id) 
    values
        (?, ?, ?, ?, default)
Hibernate: 
    insert 
    into
        reservations
        (customer_name, end_date, room_type, start_date, id) 
    values
        (?, ?, ?, ?, default)
2025-08-13T18:40:08.390+07:00 DEBUG 38616 --- [    Test worker] org.hibernate.SQL                        : 
    select
        count(*) 
    from
        reservations r1_0 
    where
        r1_0.id=?
Hibernate: 
    select
        count(*) 
    from
        reservations r1_0 
    where
        r1_0.id=?
2025-08-13T18:40:08.392+07:00 DEBUG 38616 --- [    Test worker] org.hibernate.SQL                        : 
    select
        count(*) 
    from
        reservations r1_0 
    where
        r1_0.id=?
Hibernate: 
    select
        count(*) 
    from
        reservations r1_0 
    where
        r1_0.id=?
2025-08-13T18:40:08.396+07:00 DEBUG 38616 --- [    Test worker] org.hibernate.SQL                        : 
    insert 
    into
        reservations
        (customer_name, end_date, room_type, start_date, id) 
    values
        (?, ?, ?, ?, default)
Hibernate: 
    insert 
    into
        reservations
        (customer_name, end_date, room_type, start_date, id) 
    values
        (?, ?, ?, ?, default)
2025-08-13T18:40:08.397+07:00 DEBUG 38616 --- [    Test worker] org.hibernate.SQL                        : 
    update
        reservations 
    set
        customer_name=?,
        end_date=?,
        room_type=?,
        start_date=? 
    where
        id=?
Hibernate: 
    update
        reservations 
    set
        customer_name=?,
        end_date=?,
        room_type=?,
        start_date=? 
    where
        id=?
2025-08-13T18:40:08.397+07:00 DEBUG 38616 --- [    Test worker] org.hibernate.SQL                        : 
    select
        count(*) 
    from
        reservations r1_0 
    where
        r1_0.id=?
Hibernate: 
    select
        count(*) 
    from
        reservations r1_0 
    where
        r1_0.id=?
2025-08-13T18:40:08.401+07:00 DEBUG 38616 --- [    Test worker] org.hibernate.SQL                        : 
    insert 
    into
        reservations
        (customer_name, end_date, room_type, start_date, id) 
    values
        (?, ?, ?, ?, default)
Hibernate: 
    insert 
    into
        reservations
        (customer_name, end_date, room_type, start_date, id) 
    values
        (?, ?, ?, ?, default)
2025-08-13T18:40:08.405+07:00 DEBUG 38616 --- [    Test worker] org.hibernate.SQL                        : 
    insert 
    into
        reservations
        (customer_name, end_date, room_type, start_date, id) 
    values
        (?, ?, ?, ?, default)
Hibernate: 
    insert 
    into
        reservations
        (customer_name, end_date, room_type, start_date, id) 
    values
        (?, ?, ?, ?, default)
2025-08-13T18:40:08.406+07:00 DEBUG 38616 --- [    Test worker] org.hibernate.SQL                        : 
    insert 
    into
        reservations
        (customer_name, end_date, room_type, start_date, id) 
    values
        (?, ?, ?, ?, default)
Hibernate: 
    insert 
    into
        reservations
        (customer_name, end_date, room_type, start_date, id) 
    values
        (?, ?, ?, ?, default)
2025-08-13T18:40:08.407+07:00 DEBUG 38616 --- [    Test worker] org.hibernate.SQL                        : 
    insert 
    into
        reservations
        (customer_name, end_date, room_type, start_date, id) 
    values
        (?, ?, ?, ?, default)
Hibernate: 
    insert 
    into
        reservations
        (customer_name, end_date, room_type, start_date, id) 
    values
        (?, ?, ?, ?, default)
2025-08-13T18:40:08.408+07:00 DEBUG 38616 --- [    Test worker] org.hibernate.SQL                        : 
    select
        r1_0.id,
        r1_0.customer_name,
        r1_0.end_date,
        r1_0.room_type,
        r1_0.start_date 
    from
        reservations r1_0 
    where
        r1_0.customer_name=?
Hibernate: 
    select
        r1_0.id,
        r1_0.customer_name,
        r1_0.end_date,
        r1_0.room_type,
        r1_0.start_date 
    from
        reservations r1_0 
    where
        r1_0.customer_name=?
2025-08-13T18:40:08.417+07:00 DEBUG 38616 --- [    Test worker] org.hibernate.SQL                        : 
    insert 
    into
        reservations
        (customer_name, end_date, room_type, start_date, id) 
    values
        (?, ?, ?, ?, default)
Hibernate: 
    insert 
    into
        reservations
        (customer_name, end_date, room_type, start_date, id) 
    values
        (?, ?, ?, ?, default)
2025-08-13T18:40:08.418+07:00 DEBUG 38616 --- [    Test worker] org.hibernate.SQL                        : 
    select
        count(*) 
    from
        reservations r1_0 
    where
        r1_0.id=?
Hibernate: 
    select
        count(*) 
    from
        reservations r1_0 
    where
        r1_0.id=?
2025-08-13T18:40:08.424+07:00 DEBUG 38616 --- [    Test worker] org.hibernate.SQL                        : 
    select
        count(*) 
    from
        reservations r1_0
Hibernate: 
    select
        count(*) 
    from
        reservations r1_0
2025-08-13T18:40:08.425+07:00 DEBUG 38616 --- [    Test worker] org.hibernate.SQL                        : 
    insert 
    into
        reservations
        (customer_name, end_date, room_type, start_date, id) 
    values
        (?, ?, ?, ?, default)
Hibernate: 
    insert 
    into
        reservations
        (customer_name, end_date, room_type, start_date, id) 
    values
        (?, ?, ?, ?, default)
2025-08-13T18:40:08.425+07:00 DEBUG 38616 --- [    Test worker] org.hibernate.SQL                        : 
    select
        count(*) 
    from
        reservations r1_0
Hibernate: 
    select
        count(*) 
    from
        reservations r1_0
2025-08-13T18:40:08.428+07:00 DEBUG 38616 --- [    Test worker] org.hibernate.SQL                        : 
    insert 
    into
        reservations
        (customer_name, end_date, room_type, start_date, id) 
    values
        (?, ?, ?, ?, default)
Hibernate: 
    insert 
    into
        reservations
        (customer_name, end_date, room_type, start_date, id) 
    values
        (?, ?, ?, ?, default)
2025-08-13T18:40:08.429+07:00 DEBUG 38616 --- [    Test worker] org.hibernate.SQL                        : 
    insert 
    into
        reservations
        (customer_name, end_date, room_type, start_date, id) 
    values
        (?, ?, ?, ?, default)
Hibernate: 
    insert 
    into
        reservations
        (customer_name, end_date, room_type, start_date, id) 
    values
        (?, ?, ?, ?, default)
2025-08-13T18:40:08.430+07:00 DEBUG 38616 --- [    Test worker] org.hibernate.SQL                        : 
    select
        r1_0.id,
        r1_0.customer_name,
        r1_0.end_date,
        r1_0.room_type,
        r1_0.start_date 
    from
        reservations r1_0
Hibernate: 
    select
        r1_0.id,
        r1_0.customer_name,
        r1_0.end_date,
        r1_0.room_type,
        r1_0.start_date 
    from
        reservations r1_0
]]></system-out>
  <system-err><![CDATA[]]></system-err>
</testsuite>
